This file contains any messages produced by compilers while
running configure, to aid debugging if configure makes a mistake.

It was created by OpenJDK configure openjdk, which was
generated by GNU Autoconf 2.69.  Invocation command line was

  $ /Users/yunai/Java/test/jdk11/configure --enable-option-checking=fatal --enable-debug --with-target-bits=64 --disable-warnings-as-errors

## --------- ##
## Platform. ##
## --------- ##

hostname = MacBook-Pro-5.local
uname -m = x86_64
uname -r = 18.0.0
uname -s = Darwin
uname -v = Darwin Kernel Version 18.0.0: Wed Aug 22 20:13:40 PDT 2018; root:xnu-4903.201.2~1/RELEASE_X86_64

/usr/bin/uname -p = i386
/bin/uname -X     = unknown

/bin/arch              = unknown
/usr/bin/arch -k       = unknown
/usr/convex/getsysinfo = unknown
/usr/bin/hostinfo      = Mach kernel version:
	 Darwin Kernel Version 18.0.0: Wed Aug 22 20:13:40 PDT 2018; root:xnu-4903.201.2~1/RELEASE_X86_64
Kernel configured for up to 12 processors.
6 processors are physically available.
12 processors are logically available.
Processor type: x86_64h (Intel x86-64h Haswell)
Processors active: 0 1 2 3 4 5 6 7 8 9 10 11
Primary memory available: 32.00 gigabytes
Default processor set: 462 tasks, 2068 threads, 12 processors
Load average: 2.26, Mach factor: 9.72
/bin/machine           = unknown
/usr/bin/oslevel       = unknown
/bin/universe          = unknown

PATH: /Users/yunai/.cargo/bin
PATH: /usr/local/sbin
PATH: /usr/local/sbin
PATH: /Users/yunai/.nvm/versions/node/v8.12.0/bin
PATH: /Users/yunai/百度云同步盘/Programs/Maven/apache-maven-3.5.2/bin
PATH: /usr/local/bin
PATH: /usr/bin
PATH: /bin
PATH: /usr/sbin
PATH: /sbin
PATH: /opt/X11/bin
PATH: /usr/local/opt/go/libexec/bin
PATH: /Users/yunai/Go/bin


## ----------- ##
## Core tests. ##
## ----------- ##

configure:5538: Configuration created at Wed Jan  2 15:15:54 CST 2019.
configure:5559: checking for basename
configure:5577: found /usr/bin/basename
configure:5589: result: /usr/bin/basename
configure:5821: checking for bash
configure:5851: result: /bin/bash
configure:5967: checking for cat
configure:5985: found /bin/cat
configure:5997: result: /bin/cat
configure:6171: checking for chmod
configure:6189: found /bin/chmod
configure:6201: result: /bin/chmod
configure:6375: checking for cmp
configure:6393: found /usr/bin/cmp
configure:6405: result: /usr/bin/cmp
configure:6579: checking for comm
configure:6597: found /usr/bin/comm
configure:6609: result: /usr/bin/comm
configure:6783: checking for cp
configure:6801: found /bin/cp
configure:6813: result: /bin/cp
configure:6987: checking for cut
configure:7005: found /usr/bin/cut
configure:7017: result: /usr/bin/cut
configure:7191: checking for date
configure:7209: found /bin/date
configure:7221: result: /bin/date
configure:7395: checking for gdiff
configure:7428: result: no
configure:7395: checking for diff
configure:7413: found /usr/bin/diff
configure:7425: result: /usr/bin/diff
configure:7599: checking for dirname
configure:7617: found /usr/bin/dirname
configure:7629: result: /usr/bin/dirname
configure:7803: checking for echo
configure:7821: found /bin/echo
configure:7833: result: /bin/echo
configure:8007: checking for expr
configure:8025: found /bin/expr
configure:8037: result: /bin/expr
configure:8211: checking for file
configure:8229: found /usr/bin/file
configure:8241: result: /usr/bin/file
configure:8415: checking for find
configure:8433: found /usr/bin/find
configure:8445: result: /usr/bin/find
configure:8619: checking for head
configure:8637: found /usr/bin/head
configure:8649: result: /usr/bin/head
configure:8823: checking for gunzip
configure:8841: found /usr/bin/gunzip
configure:8853: result: /usr/bin/gunzip
configure:9027: checking for pigz
configure:9060: result: no
configure:9027: checking for gzip
configure:9045: found /usr/bin/gzip
configure:9057: result: /usr/bin/gzip
configure:9231: checking for ln
configure:9249: found /bin/ln
configure:9261: result: /bin/ln
configure:9435: checking for ls
configure:9453: found /bin/ls
configure:9465: result: /bin/ls
configure:9639: checking for mkdir
configure:9657: found /bin/mkdir
configure:9669: result: /bin/mkdir
configure:9843: checking for mktemp
configure:9861: found /usr/bin/mktemp
configure:9873: result: /usr/bin/mktemp
configure:10047: checking for mv
configure:10065: found /bin/mv
configure:10077: result: /bin/mv
configure:10251: checking for nawk
configure:10284: result: no
configure:10251: checking for gawk
configure:10284: result: no
configure:10251: checking for awk
configure:10269: found /usr/bin/awk
configure:10281: result: /usr/bin/awk
configure:10455: checking for printf
configure:10473: found /usr/bin/printf
configure:10485: result: /usr/bin/printf
configure:10659: checking for greadlink
configure:10692: result: no
configure:10659: checking for readlink
configure:10677: found /usr/bin/readlink
configure:10689: result: /usr/bin/readlink
configure:10863: checking for rm
configure:10881: found /bin/rm
configure:10893: result: /bin/rm
configure:11067: checking for rmdir
configure:11085: found /bin/rmdir
configure:11097: result: /bin/rmdir
configure:11271: checking for sh
configure:11289: found /bin/sh
configure:11301: result: /bin/sh
configure:11475: checking for sort
configure:11493: found /usr/bin/sort
configure:11505: result: /usr/bin/sort
configure:11679: checking for tail
configure:11697: found /usr/bin/tail
configure:11709: result: /usr/bin/tail
configure:11883: checking for gtar
configure:11916: result: no
configure:11883: checking for tar
configure:11901: found /usr/bin/tar
configure:11913: result: /usr/bin/tar
configure:12087: checking for tee
configure:12105: found /usr/bin/tee
configure:12117: result: /usr/bin/tee
configure:12291: checking for touch
configure:12309: found /usr/bin/touch
configure:12321: result: /usr/bin/touch
configure:12495: checking for tr
configure:12513: found /usr/bin/tr
configure:12525: result: /usr/bin/tr
configure:12699: checking for uname
configure:12717: found /usr/bin/uname
configure:12729: result: /usr/bin/uname
configure:12903: checking for uniq
configure:12921: found /usr/bin/uniq
configure:12933: result: /usr/bin/uniq
configure:13107: checking for wc
configure:13125: found /usr/bin/wc
configure:13137: result: /usr/bin/wc
configure:13311: checking for which
configure:13329: found /usr/bin/which
configure:13341: result: /usr/bin/which
configure:13515: checking for xargs
configure:13533: found /usr/bin/xargs
configure:13545: result: /usr/bin/xargs
configure:13720: checking for gawk
configure:13750: result: no
configure:13720: checking for mawk
configure:13750: result: no
configure:13720: checking for nawk
configure:13750: result: no
configure:13720: checking for awk
configure:13736: found /usr/bin/awk
configure:13747: result: awk
configure:13912: checking for grep that handles long lines and -e
configure:13970: result: /usr/bin/grep
configure:14150: checking for egrep
configure:14212: result: /usr/bin/grep -E
configure:14396: checking for fgrep
configure:14458: result: /usr/bin/grep -F
configure:14642: checking for a sed that does not truncate output
configure:14706: result: /usr/bin/sed
configure:14905: checking for cygpath
configure:14938: result: no
configure:15102: checking for df
configure:15120: found /bin/df
configure:15132: result: /bin/df
configure:15299: checking for cpio
configure:15317: found /usr/bin/cpio
configure:15329: result: /usr/bin/cpio
configure:15496: checking for nice
configure:15514: found /usr/bin/nice
configure:15526: result: /usr/bin/nice
configure:15693: checking for pandoc
configure:15726: result: no
configure:15887: checking build system type
configure:15901: result: x86_64-apple-darwin18.0.0
configure:15921: checking host system type
configure:15934: result: x86_64-apple-darwin18.0.0
configure:15954: checking target system type
configure:15967: result: x86_64-apple-darwin18.0.0
configure:16201: checking openjdk-build os-cpu
configure:16203: result: macosx-x86_64
configure:16397: checking openjdk-target os-cpu
configure:16399: result: macosx-x86_64
configure:16441: --with-target-bits are set to build platform address size; argument has no meaning
configure:16449: checking compilation type
configure:16451: result: native
configure:16908: checking for top-level directory
configure:16910: result: /Users/yunai/Java/test/jdk11
configure:17199: checking if custom source is suppressed (openjdk-only)
configure:17201: result: no
configure:17226: checking which variant of the JDK to build
configure:17243: result: normal
configure:17248: checking which debug level to use
configure:17272: result: fastdebug
configure:17350: checking which variants of the JVM to build
configure:17355: result: server
configure:17818: checking for sdk name
configure:17827: result: 
configure:17848: error: No xcodebuild tool and no system framework headers found, use --with-sysroot or --with-sdk-name to provide a path to a valid SDK
